Hatchet
Pickaxe
Tonic
SmallEther
BoiledEgg
WeatheredAxe
WeatheredSword
BronzeSword
BronzeAxe
WeatheredCane
MapleWand
MapleCane
WeatheredScepter
BasicTunic
BronzeHaubergeon
BasicLeggings
BasicBoots
BasicGloves
FingerlessLeatherGloves
LeatherGloves
LeatherLightmitts
SquareMapleShield
RedBeret
ReadingGlasses
MoonCirclet
SunCirclet
HempenHat
HempenBandana
LeatherCap
HempenHalfrobe
EaglewingBreeches
HempenTights
HempenSarouel
LeatherCrakows
LeatherSandals
LeatherSollerets
RedbillScarf
WeatheredChoker
LeatherChoker
WeatheredEarrings
CopperEarCuffs
FangEarrings
BrassEarrings
IronEarrings
WeatheredWristlets
BoneCuffs
CopperCuffs
BronzeCuffs
WeatheredRing
BoneRing
CopperRing
BrassRing
FangRing
StoneRing
AmberRing